This file contains any messages produced by compilers while
running configure, to aid debugging if configure makes a mistake.

It was created by RavenMUD configure 3.01, which was
generated by GNU Autoconf 2.68.  Invocation command line was

  $ ./configure --no-create --no-recursion

## --------- ##
## Platform. ##
## --------- ##

hostname = Fireball
uname -m = i686
uname -r = 1.7.9(0.237/5/3)
uname -s = CYGWIN_NT-6.1-WOW64
uname -v = 2011-03-29 10:10

/usr/bin/uname -p = unknown
/bin/uname -X     = unknown

/bin/arch              = i686
/usr/bin/arch -k       = unknown
/usr/convex/getsysinfo = unknown
/usr/bin/hostinfo      = unknown
/bin/machine           = unknown
/usr/bin/oslevel       = unknown
/bin/universe          = unknown

PATH: /usr/local/bin
PATH: /usr/bin
PATH: /cygdrive/c/Program Files (x86)/NVIDIA Corporation/PhysX/Common
PATH: /cygdrive/c/Program Files (x86)/CollabNet/Subversion Client
PATH: /cygdrive/c/Windows/system32
PATH: /cygdrive/c/Windows
PATH: /cygdrive/c/Windows/System32/Wbem
PATH: /cygdrive/c/Windows/System32/WindowsPowerShell/v1.0
PATH: /cygdrive/c/Python27
PATH: /cygdrive/c/Program Files/Java/jdk1.6.0_29/bin
PATH: /cygdrive/c/Program Files (x86)/QuickTime/QTSystem
PATH: /usr/lib/lapack


## ----------- ##
## Core tests. ##
## ----------- ##

configure:2186: checking build system type
configure:2200: result: i686-pc-cygwin
configure:2220: checking host system type
configure:2233: result: i686-pc-cygwin
configure:2253: checking target system type
configure:2266: result: i686-pc-cygwin
configure:2351: checking for gcc
configure:2367: found /usr/bin/gcc
configure:2378: result: gcc
configure:2607: checking for C compiler version
configure:2616: gcc --version >&5
gcc (GCC) 3.4.4 (cygming special, gdc 0.12, using dmd 0.125)
Copyright (C) 2004 Free Software Foundation, Inc.
This is free software; see the source for copying conditions.  There is NO
warranty; not even for MERCHANTABILITY or FITNESS FOR A PARTICULAR PURPOSE.

configure:2627: $? = 0
configure:2616: gcc -v >&5
Reading specs from /usr/lib/gcc/i686-pc-cygwin/3.4.4/specs
Configured with: /managed/gcc-build/final-v3-bootstrap/gcc-3.4.4-999/configure --verbose --program-suffix=-3 --prefix=/usr --exec-prefix=/usr --sysconfdir=/etc --libdir=/usr/lib --libexecdir=/usr/lib --mandir=/usr/share/man --infodir=/usr/share/info --enable-languages=c,ada,c++,d,f77,pascal,java,objc --enable-nls --without-included-gettext --enable-version-specific-runtime-libs --without-x --enable-libgcj --disable-java-awt --with-system-zlib --enable-interpreter --disable-libgcj-debug --enable-threads=posix --enable-java-gc=boehm --disable-win32-registry --enable-sjlj-exceptions --enable-hash-synchronization --enable-libstdcxx-debug
Thread model: posix
gcc version 3.4.4 (cygming special, gdc 0.12, using dmd 0.125)
configure:2627: $? = 0
configure:2616: gcc -V >&5
gcc: `-V' option must have argument
configure:2627: $? = 1
configure:2616: gcc -qversion >&5
gcc: unrecognized option `-qversion'
gcc: no input files
configure:2627: $? = 1
configure:2647: checking whether the C compiler works
configure:2669: gcc    conftest.c  >&5
configure:2673: $? = 0
configure:2721: result: yes
configure:2724: checking for C compiler default output file name
configure:2726: result: a.exe
configure:2732: checking for suffix of executables
configure:2739: gcc -o conftest.exe    conftest.c  >&5
configure:2743: $? = 0
configure:2765: result: .exe
configure:2787: checking whether we are cross compiling
configure:2795: gcc -o conftest.exe    conftest.c  >&5
configure:2799: $? = 0
configure:2806: ./conftest.exe
configure:2810: $? = 0
configure:2825: result: no
configure:2830: checking for suffix of object files
configure:2852: gcc -c   conftest.c >&5
configure:2856: $? = 0
configure:2877: result: o
configure:2881: checking whether we are using the GNU C compiler
configure:2900: gcc -c   conftest.c >&5
configure:2900: $? = 0
configure:2909: result: yes
configure:2918: checking whether gcc accepts -g
configure:2938: gcc -c -g  conftest.c >&5
configure:2938: $? = 0
configure:2979: result: yes
configure:2996: checking for gcc option to accept ISO C89
configure:3060: gcc  -c -g -O2  conftest.c >&5
configure:3060: $? = 0
configure:3073: result: none needed
configure:3107: checking for a BSD-compatible install
configure:3175: result: /usr/bin/install -c
configure:3229: checking for ranlib
configure:3245: found /usr/bin/ranlib
configure:3256: result: ranlib
configure:3283: checking for sys/wait.h that is POSIX.1 compatible
configure:3309: gcc -c -g -O2  conftest.c >&5
configure:3309: $? = 0
configure:3316: result: yes
configure:3329: checking how to run the C preprocessor
configure:3360: gcc -E  conftest.c
configure:3360: $? = 0
configure:3374: gcc -E  conftest.c
conftest.c:11:28: ac_nonexistent.h: No such file or directory
configure:3374: $? = 1
configure: failed program was:
| /* confdefs.h */
| #define PACKAGE_NAME "RavenMUD"
| #define PACKAGE_TARNAME "ravenmud"
| #define PACKAGE_VERSION "3.01"
| #define PACKAGE_STRING "RavenMUD 3.01"
| #define PACKAGE_BUGREPORT "admin@ravenmud.com"
| #define PACKAGE_URL ""
| #define CIRCLE_UNIX 1
| #define HAVE_SYS_WAIT_H 1
| /* end confdefs.h.  */
| #include <ac_nonexistent.h>
configure:3399: result: gcc -E
configure:3419: gcc -E  conftest.c
configure:3419: $? = 0
configure:3433: gcc -E  conftest.c
conftest.c:11:28: ac_nonexistent.h: No such file or directory
configure:3433: $? = 1
configure: failed program was:
| /* confdefs.h */
| #define PACKAGE_NAME "RavenMUD"
| #define PACKAGE_TARNAME "ravenmud"
| #define PACKAGE_VERSION "3.01"
| #define PACKAGE_STRING "RavenMUD 3.01"
| #define PACKAGE_BUGREPORT "admin@ravenmud.com"
| #define PACKAGE_URL ""
| #define CIRCLE_UNIX 1
| #define HAVE_SYS_WAIT_H 1
| /* end confdefs.h.  */
| #include <ac_nonexistent.h>
configure:3462: checking for grep that handles long lines and -e
configure:3520: result: /usr/bin/grep
configure:3525: checking for egrep
configure:3587: result: /usr/bin/grep -E
configure:3592: checking for ANSI C header files
configure:3612: gcc -c -g -O2  conftest.c >&5
configure:3612: $? = 0
configure:3685: gcc -o conftest.exe -g -O2   conftest.c  >&5
configure:3685: $? = 0
configure:3685: ./conftest.exe
configure:3685: $? = 0
configure:3696: result: yes
configure:3709: checking for sys/types.h
configure:3709: gcc -c -g -O2  conftest.c >&5
configure:3709: $? = 0
configure:3709: result: yes
configure:3709: checking for sys/stat.h
configure:3709: gcc -c -g -O2  conftest.c >&5
configure:3709: $? = 0
configure:3709: result: yes
configure:3709: checking for stdlib.h
configure:3709: gcc -c -g -O2  conftest.c >&5
configure:3709: $? = 0
configure:3709: result: yes
configure:3709: checking for string.h
configure:3709: gcc -c -g -O2  conftest.c >&5
configure:3709: $? = 0
configure:3709: result: yes
configure:3709: checking for memory.h
configure:3709: gcc -c -g -O2  conftest.c >&5
configure:3709: $? = 0
configure:3709: result: yes
configure:3709: checking for strings.h
configure:3709: gcc -c -g -O2  conftest.c >&5
configure:3709: $? = 0
configure:3709: result: yes
configure:3709: checking for inttypes.h
configure:3709: gcc -c -g -O2  conftest.c >&5
configure:3709: $? = 0
configure:3709: result: yes
configure:3709: checking for stdint.h
configure:3709: gcc -c -g -O2  conftest.c >&5
configure:3709: $? = 0
configure:3709: result: yes
configure:3709: checking for unistd.h
configure:3709: gcc -c -g -O2  conftest.c >&5
configure:3709: $? = 0
configure:3709: result: yes
configure:3724: checking fcntl.h usability
configure:3724: gcc -c -g -O2  conftest.c >&5
configure:3724: $? = 0
configure:3724: result: yes
configure:3724: checking fcntl.h presence
configure:3724: gcc -E  conftest.c
configure:3724: $? = 0
configure:3724: result: yes
configure:3724: checking for fcntl.h
configure:3724: result: yes
configure:3724: checking sys/fcntl.h usability
configure:3724: gcc -c -g -O2  conftest.c >&5
configure:3724: $? = 0
configure:3724: result: yes
configure:3724: checking sys/fcntl.h presence
configure:3724: gcc -E  conftest.c
configure:3724: $? = 0
configure:3724: result: yes
configure:3724: checking for sys/fcntl.h
configure:3724: result: yes
configure:3724: checking errno.h usability
configure:3724: gcc -c -g -O2  conftest.c >&5
configure:3724: $? = 0
configure:3724: result: yes
configure:3724: checking errno.h presence
configure:3724: gcc -E  conftest.c
configure:3724: $? = 0
configure:3724: result: yes
configure:3724: checking for errno.h
configure:3724: result: yes
configure:3724: checking net/errno.h usability
configure:3724: gcc -c -g -O2  conftest.c >&5
conftest.c:57:23: net/errno.h: No such file or directory
configure:3724: $? = 1
configure: failed program was:
| /* confdefs.h */
| #define PACKAGE_NAME "RavenMUD"
| #define PACKAGE_TARNAME "ravenmud"
| #define PACKAGE_VERSION "3.01"
| #define PACKAGE_STRING "RavenMUD 3.01"
| #define PACKAGE_BUGREPORT "admin@ravenmud.com"
| #define PACKAGE_URL ""
| #define CIRCLE_UNIX 1
| #define HAVE_SYS_WAIT_H 1
| #define STDC_HEADERS 1
| #define HAVE_SYS_TYPES_H 1
| #define HAVE_SYS_STAT_H 1
| #define HAVE_STDLIB_H 1
| #define HAVE_STRING_H 1
| #define HAVE_MEMORY_H 1
| #define HAVE_STRINGS_H 1
| #define HAVE_INTTYPES_H 1
| #define HAVE_STDINT_H 1
| #define HAVE_UNISTD_H 1
| #define HAVE_FCNTL_H 1
| #define HAVE_SYS_FCNTL_H 1
| #define HAVE_ERRNO_H 1
| /* end confdefs.h.  */
| #include <stdio.h>
| #ifdef HAVE_SYS_TYPES_H
| # include <sys/types.h>
| #endif
| #ifdef HAVE_SYS_STAT_H
| # include <sys/stat.h>
| #endif
| #ifdef STDC_HEADERS
| # include <stdlib.h>
| # include <stddef.h>
| #else
| # ifdef HAVE_STDLIB_H
| #  include <stdlib.h>
| # endif
| #endif
| #ifdef HAVE_STRING_H
| # if !defined STDC_HEADERS && defined HAVE_MEMORY_H
| #  include <memory.h>
| # endif
| # include <string.h>
| #endif
| #ifdef HAVE_STRINGS_H
| # include <strings.h>
| #endif
| #ifdef HAVE_INTTYPES_H
| # include <inttypes.h>
| #endif
| #ifdef HAVE_STDINT_H
| # include <stdint.h>
| #endif
| #ifdef HAVE_UNISTD_H
| # include <unistd.h>
| #endif
| #include <net/errno.h>
configure:3724: result: no
configure:3724: checking net/errno.h presence
configure:3724: gcc -E  conftest.c
conftest.c:24:23: net/errno.h: No such file or directory
configure:3724: $? = 1
configure: failed program was:
| /* confdefs.h */
| #define PACKAGE_NAME "RavenMUD"
| #define PACKAGE_TARNAME "ravenmud"
| #define PACKAGE_VERSION "3.01"
| #define PACKAGE_STRING "RavenMUD 3.01"
| #define PACKAGE_BUGREPORT "admin@ravenmud.com"
| #define PACKAGE_URL ""
| #define CIRCLE_UNIX 1
| #define HAVE_SYS_WAIT_H 1
| #define STDC_HEADERS 1
| #define HAVE_SYS_TYPES_H 1
| #define HAVE_SYS_STAT_H 1
| #define HAVE_STDLIB_H 1
| #define HAVE_STRING_H 1
| #define HAVE_MEMORY_H 1
| #define HAVE_STRINGS_H 1
| #define HAVE_INTTYPES_H 1
| #define HAVE_STDINT_H 1
| #define HAVE_UNISTD_H 1
| #define HAVE_FCNTL_H 1
| #define HAVE_SYS_FCNTL_H 1
| #define HAVE_ERRNO_H 1
| /* end confdefs.h.  */
| #include <net/errno.h>
configure:3724: result: no
configure:3724: checking for net/errno.h
configure:3724: result: no
configure:3724: checking limits.h usability
configure:3724: gcc -c -g -O2  conftest.c >&5
configure:3724: $? = 0
configure:3724: result: yes
configure:3724: checking limits.h presence
configure:3724: gcc -E  conftest.c
configure:3724: $? = 0
configure:3724: result: yes
configure:3724: checking for limits.h
configure:3724: result: yes
configure:3724: checking sys/time.h usability
configure:3724: gcc -c -g -O2  conftest.c >&5
configure:3724: $? = 0
configure:3724: result: yes
configure:3724: checking sys/time.h presence
configure:3724: gcc -E  conftest.c
configure:3724: $? = 0
configure:3724: result: yes
configure:3724: checking for sys/time.h
configure:3724: result: yes
configure:3737: checking sys/select.h usability
configure:3737: gcc -c -g -O2  conftest.c >&5
configure:3737: $? = 0
configure:3737: result: yes
configure:3737: checking sys/select.h presence
configure:3737: gcc -E  conftest.c
configure:3737: $? = 0
configure:3737: result: yes
configure:3737: checking for sys/select.h
configure:3737: result: yes
configure:3737: checking crypt.h usability
configure:3737: gcc -c -g -O2  conftest.c >&5
configure:3737: $? = 0
configure:3737: result: yes
configure:3737: checking crypt.h presence
configure:3737: gcc -E  conftest.c
configure:3737: $? = 0
configure:3737: result: yes
configure:3737: checking for crypt.h
configure:3737: result: yes
configure:3737: checking assert.h usability
configure:3737: gcc -c -g -O2  conftest.c >&5
configure:3737: $? = 0
configure:3737: result: yes
configure:3737: checking assert.h presence
configure:3737: gcc -E  conftest.c
configure:3737: $? = 0
configure:3737: result: yes
configure:3737: checking for assert.h
configure:3737: result: yes
configure:3737: checking arpa/telnet.h usability
configure:3737: gcc -c -g -O2  conftest.c >&5
configure:3737: $? = 0
configure:3737: result: yes
configure:3737: checking arpa/telnet.h presence
configure:3737: gcc -E  conftest.c
configure:3737: $? = 0
configure:3737: result: yes
configure:3737: checking for arpa/telnet.h
configure:3737: result: yes
configure:3737: checking arpa/inet.h usability
configure:3737: gcc -c -g -O2  conftest.c >&5
configure:3737: $? = 0
configure:3737: result: yes
configure:3737: checking arpa/inet.h presence
configure:3737: gcc -E  conftest.c
configure:3737: $? = 0
configure:3737: result: yes
configure:3737: checking for arpa/inet.h
configure:3737: result: yes
configure:3737: checking sys/ioctl.h usability
configure:3737: gcc -c -g -O2  conftest.c >&5
configure:3737: $? = 0
configure:3737: result: yes
configure:3737: checking sys/ioctl.h presence
configure:3737: gcc -E  conftest.c
configure:3737: $? = 0
configure:3737: result: yes
configure:3737: checking for sys/ioctl.h
configure:3737: result: yes
configure:3750: checking sys/socket.h usability
configure:3750: gcc -c -g -O2  conftest.c >&5
configure:3750: $? = 0
configure:3750: result: yes
configure:3750: checking sys/socket.h presence
configure:3750: gcc -E  conftest.c
configure:3750: $? = 0
configure:3750: result: yes
configure:3750: checking for sys/socket.h
configure:3750: result: yes
configure:3750: checking sys/resource.h usability
configure:3750: gcc -c -g -O2  conftest.c >&5
configure:3750: $? = 0
configure:3750: result: yes
configure:3750: checking sys/resource.h presence
configure:3750: gcc -E  conftest.c
configure:3750: $? = 0
configure:3750: result: yes
configure:3750: checking for sys/resource.h
configure:3750: result: yes
configure:3750: checking netinet/in.h usability
configure:3750: gcc -c -g -O2  conftest.c >&5
configure:3750: $? = 0
configure:3750: result: yes
configure:3750: checking netinet/in.h presence
configure:3750: gcc -E  conftest.c
configure:3750: $? = 0
configure:3750: result: yes
configure:3750: checking for netinet/in.h
configure:3750: result: yes
configure:3750: checking netdb.h usability
configure:3750: gcc -c -g -O2  conftest.c >&5
configure:3750: $? = 0
configure:3750: result: yes
configure:3750: checking netdb.h presence
configure:3750: gcc -E  conftest.c
configure:3750: $? = 0
configure:3750: result: yes
configure:3750: checking for netdb.h
configure:3750: result: yes
configure:3750: checking signal.h usability
configure:3750: gcc -c -g -O2  conftest.c >&5
configure:3750: $? = 0
configure:3750: result: yes
configure:3750: checking signal.h presence
configure:3750: gcc -E  conftest.c
configure:3750: $? = 0
configure:3750: result: yes
configure:3750: checking for signal.h
configure:3750: result: yes
configure:3750: checking sys/uio.h usability
configure:3750: gcc -c -g -O2  conftest.c >&5
configure:3750: $? = 0
configure:3750: result: yes
configure:3750: checking sys/uio.h presence
configure:3750: gcc -E  conftest.c
configure:3750: $? = 0
configure:3750: result: yes
configure:3750: checking for sys/uio.h
configure:3750: result: yes
configure:3750: checking mcheck.h usability
configure:3750: gcc -c -g -O2  conftest.c >&5
conftest.c:71:20: mcheck.h: No such file or directory
configure:3750: $? = 1
configure: failed program was:
| /* confdefs.h */
| #define PACKAGE_NAME "RavenMUD"
| #define PACKAGE_TARNAME "ravenmud"
| #define PACKAGE_VERSION "3.01"
| #define PACKAGE_STRING "RavenMUD 3.01"
| #define PACKAGE_BUGREPORT "admin@ravenmud.com"
| #define PACKAGE_URL ""
| #define CIRCLE_UNIX 1
| #define HAVE_SYS_WAIT_H 1
| #define STDC_HEADERS 1
| #define HAVE_SYS_TYPES_H 1
| #define HAVE_SYS_STAT_H 1
| #define HAVE_STDLIB_H 1
| #define HAVE_STRING_H 1
| #define HAVE_MEMORY_H 1
| #define HAVE_STRINGS_H 1
| #define HAVE_INTTYPES_H 1
| #define HAVE_STDINT_H 1
| #define HAVE_UNISTD_H 1
| #define HAVE_FCNTL_H 1
| #define HAVE_SYS_FCNTL_H 1
| #define HAVE_ERRNO_H 1
| #define HAVE_LIMITS_H 1
| #define HAVE_SYS_TIME_H 1
| #define HAVE_SYS_SELECT_H 1
| #define HAVE_CRYPT_H 1
| #define HAVE_ASSERT_H 1
| #define HAVE_ARPA_TELNET_H 1
| #define HAVE_ARPA_INET_H 1
| #define HAVE_SYS_IOCTL_H 1
| #define HAVE_SYS_SOCKET_H 1
| #define HAVE_SYS_RESOURCE_H 1
| #define HAVE_NETINET_IN_H 1
| #define HAVE_NETDB_H 1
| #define HAVE_SIGNAL_H 1
| #define HAVE_SYS_UIO_H 1
| /* end confdefs.h.  */
| #include <stdio.h>
| #ifdef HAVE_SYS_TYPES_H
| # include <sys/types.h>
| #endif
| #ifdef HAVE_SYS_STAT_H
| # include <sys/stat.h>
| #endif
| #ifdef STDC_HEADERS
| # include <stdlib.h>
| # include <stddef.h>
| #else
| # ifdef HAVE_STDLIB_H
| #  include <stdlib.h>
| # endif
| #endif
| #ifdef HAVE_STRING_H
| # if !defined STDC_HEADERS && defined HAVE_MEMORY_H
| #  include <memory.h>
| # endif
| # include <string.h>
| #endif
| #ifdef HAVE_STRINGS_H
| # include <strings.h>
| #endif
| #ifdef HAVE_INTTYPES_H
| # include <inttypes.h>
| #endif
| #ifdef HAVE_STDINT_H
| # include <stdint.h>
| #endif
| #ifdef HAVE_UNISTD_H
| # include <unistd.h>
| #endif
| #include <mcheck.h>
configure:3750: result: no
configure:3750: checking mcheck.h presence
configure:3750: gcc -E  conftest.c
conftest.c:38:20: mcheck.h: No such file or directory
configure:3750: $? = 1
configure: failed program was:
| /* confdefs.h */
| #define PACKAGE_NAME "RavenMUD"
| #define PACKAGE_TARNAME "ravenmud"
| #define PACKAGE_VERSION "3.01"
| #define PACKAGE_STRING "RavenMUD 3.01"
| #define PACKAGE_BUGREPORT "admin@ravenmud.com"
| #define PACKAGE_URL ""
| #define CIRCLE_UNIX 1
| #define HAVE_SYS_WAIT_H 1
| #define STDC_HEADERS 1
| #define HAVE_SYS_TYPES_H 1
| #define HAVE_SYS_STAT_H 1
| #define HAVE_STDLIB_H 1
| #define HAVE_STRING_H 1
| #define HAVE_MEMORY_H 1
| #define HAVE_STRINGS_H 1
| #define HAVE_INTTYPES_H 1
| #define HAVE_STDINT_H 1
| #define HAVE_UNISTD_H 1
| #define HAVE_FCNTL_H 1
| #define HAVE_SYS_FCNTL_H 1
| #define HAVE_ERRNO_H 1
| #define HAVE_LIMITS_H 1
| #define HAVE_SYS_TIME_H 1
| #define HAVE_SYS_SELECT_H 1
| #define HAVE_CRYPT_H 1
| #define HAVE_ASSERT_H 1
| #define HAVE_ARPA_TELNET_H 1
| #define HAVE_ARPA_INET_H 1
| #define HAVE_SYS_IOCTL_H 1
| #define HAVE_SYS_SOCKET_H 1
| #define HAVE_SYS_RESOURCE_H 1
| #define HAVE_NETINET_IN_H 1
| #define HAVE_NETDB_H 1
| #define HAVE_SIGNAL_H 1
| #define HAVE_SYS_UIO_H 1
| /* end confdefs.h.  */
| #include <mcheck.h>
configure:3750: result: no
configure:3750: checking for mcheck.h
configure:3750: result: no
configure:3750: checking math.h usability
configure:3750: gcc -c -g -O2  conftest.c >&5
configure:3750: $? = 0
configure:3750: result: yes
configure:3750: checking math.h presence
configure:3750: gcc -E  conftest.c
configure:3750: $? = 0
configure:3750: result: yes
configure:3750: checking for math.h
configure:3750: result: yes
configure:3762: checking for stdbool.h that conforms to C99
configure:3829: gcc -c -g -O2  conftest.c >&5
configure:3829: $? = 0
configure:3836: result: yes
configure:3838: checking for _Bool
configure:3838: gcc -c -g -O2  conftest.c >&5
configure:3838: $? = 0
configure:3838: gcc -c -g -O2  conftest.c >&5
conftest.c: In function `main':
conftest.c:75: error: parse error before ')' token
configure:3838: $? = 1
configure: failed program was:
| /* confdefs.h */
| #define PACKAGE_NAME "RavenMUD"
| #define PACKAGE_TARNAME "ravenmud"
| #define PACKAGE_VERSION "3.01"
| #define PACKAGE_STRING "RavenMUD 3.01"
| #define PACKAGE_BUGREPORT "admin@ravenmud.com"
| #define PACKAGE_URL ""
| #define CIRCLE_UNIX 1
| #define HAVE_SYS_WAIT_H 1
| #define STDC_HEADERS 1
| #define HAVE_SYS_TYPES_H 1
| #define HAVE_SYS_STAT_H 1
| #define HAVE_STDLIB_H 1
| #define HAVE_STRING_H 1
| #define HAVE_MEMORY_H 1
| #define HAVE_STRINGS_H 1
| #define HAVE_INTTYPES_H 1
| #define HAVE_STDINT_H 1
| #define HAVE_UNISTD_H 1
| #define HAVE_FCNTL_H 1
| #define HAVE_SYS_FCNTL_H 1
| #define HAVE_ERRNO_H 1
| #define HAVE_LIMITS_H 1
| #define HAVE_SYS_TIME_H 1
| #define HAVE_SYS_SELECT_H 1
| #define HAVE_CRYPT_H 1
| #define HAVE_ASSERT_H 1
| #define HAVE_ARPA_TELNET_H 1
| #define HAVE_ARPA_INET_H 1
| #define HAVE_SYS_IOCTL_H 1
| #define HAVE_SYS_SOCKET_H 1
| #define HAVE_SYS_RESOURCE_H 1
| #define HAVE_NETINET_IN_H 1
| #define HAVE_NETDB_H 1
| #define HAVE_SIGNAL_H 1
| #define HAVE_SYS_UIO_H 1
| #define HAVE_MATH_H 1
| /* end confdefs.h.  */
| #include <stdio.h>
| #ifdef HAVE_SYS_TYPES_H
| # include <sys/types.h>
| #endif
| #ifdef HAVE_SYS_STAT_H
| # include <sys/stat.h>
| #endif
| #ifdef STDC_HEADERS
| # include <stdlib.h>
| # include <stddef.h>
| #else
| # ifdef HAVE_STDLIB_H
| #  include <stdlib.h>
| # endif
| #endif
| #ifdef HAVE_STRING_H
| # if !defined STDC_HEADERS && defined HAVE_MEMORY_H
| #  include <memory.h>
| # endif
| # include <string.h>
| #endif
| #ifdef HAVE_STRINGS_H
| # include <strings.h>
| #endif
| #ifdef HAVE_INTTYPES_H
| # include <inttypes.h>
| #endif
| #ifdef HAVE_STDINT_H
| # include <stdint.h>
| #endif
| #ifdef HAVE_UNISTD_H
| # include <unistd.h>
| #endif
| int
| main ()
| {
| if (sizeof ((_Bool)))
| 	    return 0;
|   ;
|   return 0;
| }
configure:3838: result: yes
configure:3854: checking for an ANSI C-conforming const
configure:3919: gcc -c -g -O2  conftest.c >&5
configure:3919: $? = 0
configure:3926: result: yes
configure:3934: checking for pid_t
configure:3934: gcc -c -g -O2  conftest.c >&5
configure:3934: $? = 0
configure:3934: gcc -c -g -O2  conftest.c >&5
conftest.c: In function `main':
conftest.c:77: error: parse error before ')' token
configure:3934: $? = 1
configure: failed program was:
| /* confdefs.h */
| #define PACKAGE_NAME "RavenMUD"
| #define PACKAGE_TARNAME "ravenmud"
| #define PACKAGE_VERSION "3.01"
| #define PACKAGE_STRING "RavenMUD 3.01"
| #define PACKAGE_BUGREPORT "admin@ravenmud.com"
| #define PACKAGE_URL ""
| #define CIRCLE_UNIX 1
| #define HAVE_SYS_WAIT_H 1
| #define STDC_HEADERS 1
| #define HAVE_SYS_TYPES_H 1
| #define HAVE_SYS_STAT_H 1
| #define HAVE_STDLIB_H 1
| #define HAVE_STRING_H 1
| #define HAVE_MEMORY_H 1
| #define HAVE_STRINGS_H 1
| #define HAVE_INTTYPES_H 1
| #define HAVE_STDINT_H 1
| #define HAVE_UNISTD_H 1
| #define HAVE_FCNTL_H 1
| #define HAVE_SYS_FCNTL_H 1
| #define HAVE_ERRNO_H 1
| #define HAVE_LIMITS_H 1
| #define HAVE_SYS_TIME_H 1
| #define HAVE_SYS_SELECT_H 1
| #define HAVE_CRYPT_H 1
| #define HAVE_ASSERT_H 1
| #define HAVE_ARPA_TELNET_H 1
| #define HAVE_ARPA_INET_H 1
| #define HAVE_SYS_IOCTL_H 1
| #define HAVE_SYS_SOCKET_H 1
| #define HAVE_SYS_RESOURCE_H 1
| #define HAVE_NETINET_IN_H 1
| #define HAVE_NETDB_H 1
| #define HAVE_SIGNAL_H 1
| #define HAVE_SYS_UIO_H 1
| #define HAVE_MATH_H 1
| #define HAVE__BOOL 1
| #define HAVE_STDBOOL_H 1
| /* end confdefs.h.  */
| #include <stdio.h>
| #ifdef HAVE_SYS_TYPES_H
| # include <sys/types.h>
| #endif
| #ifdef HAVE_SYS_STAT_H
| # include <sys/stat.h>
| #endif
| #ifdef STDC_HEADERS
| # include <stdlib.h>
| # include <stddef.h>
| #else
| # ifdef HAVE_STDLIB_H
| #  include <stdlib.h>
| # endif
| #endif
| #ifdef HAVE_STRING_H
| # if !defined STDC_HEADERS && defined HAVE_MEMORY_H
| #  include <memory.h>
| # endif
| # include <string.h>
| #endif
| #ifdef HAVE_STRINGS_H
| # include <strings.h>
| #endif
| #ifdef HAVE_INTTYPES_H
| # include <inttypes.h>
| #endif
| #ifdef HAVE_STDINT_H
| # include <stdint.h>
| #endif
| #ifdef HAVE_UNISTD_H
| # include <unistd.h>
| #endif
| int
| main ()
| {
| if (sizeof ((pid_t)))
| 	    return 0;
|   ;
|   return 0;
| }
configure:3934: result: yes
configure:3945: checking for size_t
configure:3945: gcc -c -g -O2  conftest.c >&5
configure:3945: $? = 0
configure:3945: gcc -c -g -O2  conftest.c >&5
conftest.c: In function `main':
conftest.c:77: error: parse error before ')' token
configure:3945: $? = 1
configure: failed program was:
| /* confdefs.h */
| #define PACKAGE_NAME "RavenMUD"
| #define PACKAGE_TARNAME "ravenmud"
| #define PACKAGE_VERSION "3.01"
| #define PACKAGE_STRING "RavenMUD 3.01"
| #define PACKAGE_BUGREPORT "admin@ravenmud.com"
| #define PACKAGE_URL ""
| #define CIRCLE_UNIX 1
| #define HAVE_SYS_WAIT_H 1
| #define STDC_HEADERS 1
| #define HAVE_SYS_TYPES_H 1
| #define HAVE_SYS_STAT_H 1
| #define HAVE_STDLIB_H 1
| #define HAVE_STRING_H 1
| #define HAVE_MEMORY_H 1
| #define HAVE_STRINGS_H 1
| #define HAVE_INTTYPES_H 1
| #define HAVE_STDINT_H 1
| #define HAVE_UNISTD_H 1
| #define HAVE_FCNTL_H 1
| #define HAVE_SYS_FCNTL_H 1
| #define HAVE_ERRNO_H 1
| #define HAVE_LIMITS_H 1
| #define HAVE_SYS_TIME_H 1
| #define HAVE_SYS_SELECT_H 1
| #define HAVE_CRYPT_H 1
| #define HAVE_ASSERT_H 1
| #define HAVE_ARPA_TELNET_H 1
| #define HAVE_ARPA_INET_H 1
| #define HAVE_SYS_IOCTL_H 1
| #define HAVE_SYS_SOCKET_H 1
| #define HAVE_SYS_RESOURCE_H 1
| #define HAVE_NETINET_IN_H 1
| #define HAVE_NETDB_H 1
| #define HAVE_SIGNAL_H 1
| #define HAVE_SYS_UIO_H 1
| #define HAVE_MATH_H 1
| #define HAVE__BOOL 1
| #define HAVE_STDBOOL_H 1
| /* end confdefs.h.  */
| #include <stdio.h>
| #ifdef HAVE_SYS_TYPES_H
| # include <sys/types.h>
| #endif
| #ifdef HAVE_SYS_STAT_H
| # include <sys/stat.h>
| #endif
| #ifdef STDC_HEADERS
| # include <stdlib.h>
| # include <stddef.h>
| #else
| # ifdef HAVE_STDLIB_H
| #  include <stdlib.h>
| # endif
| #endif
| #ifdef HAVE_STRING_H
| # if !defined STDC_HEADERS && defined HAVE_MEMORY_H
| #  include <memory.h>
| # endif
| # include <string.h>
| #endif
| #ifdef HAVE_STRINGS_H
| # include <strings.h>
| #endif
| #ifdef HAVE_INTTYPES_H
| # include <inttypes.h>
| #endif
| #ifdef HAVE_STDINT_H
| # include <stdint.h>
| #endif
| #ifdef HAVE_UNISTD_H
| # include <unistd.h>
| #endif
| int
| main ()
| {
| if (sizeof ((size_t)))
| 	    return 0;
|   ;
|   return 0;
| }
configure:3945: result: yes
configure:3956: checking for ssize_t
configure:3956: gcc -c -g -O2  conftest.c >&5
configure:3956: $? = 0
configure:3956: gcc -c -g -O2  conftest.c >&5
conftest.c: In function `main':
conftest.c:77: error: parse error before ')' token
configure:3956: $? = 1
configure: failed program was:
| /* confdefs.h */
| #define PACKAGE_NAME "RavenMUD"
| #define PACKAGE_TARNAME "ravenmud"
| #define PACKAGE_VERSION "3.01"
| #define PACKAGE_STRING "RavenMUD 3.01"
| #define PACKAGE_BUGREPORT "admin@ravenmud.com"
| #define PACKAGE_URL ""
| #define CIRCLE_UNIX 1
| #define HAVE_SYS_WAIT_H 1
| #define STDC_HEADERS 1
| #define HAVE_SYS_TYPES_H 1
| #define HAVE_SYS_STAT_H 1
| #define HAVE_STDLIB_H 1
| #define HAVE_STRING_H 1
| #define HAVE_MEMORY_H 1
| #define HAVE_STRINGS_H 1
| #define HAVE_INTTYPES_H 1
| #define HAVE_STDINT_H 1
| #define HAVE_UNISTD_H 1
| #define HAVE_FCNTL_H 1
| #define HAVE_SYS_FCNTL_H 1
| #define HAVE_ERRNO_H 1
| #define HAVE_LIMITS_H 1
| #define HAVE_SYS_TIME_H 1
| #define HAVE_SYS_SELECT_H 1
| #define HAVE_CRYPT_H 1
| #define HAVE_ASSERT_H 1
| #define HAVE_ARPA_TELNET_H 1
| #define HAVE_ARPA_INET_H 1
| #define HAVE_SYS_IOCTL_H 1
| #define HAVE_SYS_SOCKET_H 1
| #define HAVE_SYS_RESOURCE_H 1
| #define HAVE_NETINET_IN_H 1
| #define HAVE_NETDB_H 1
| #define HAVE_SIGNAL_H 1
| #define HAVE_SYS_UIO_H 1
| #define HAVE_MATH_H 1
| #define HAVE__BOOL 1
| #define HAVE_STDBOOL_H 1
| /* end confdefs.h.  */
| #include <stdio.h>
| #ifdef HAVE_SYS_TYPES_H
| # include <sys/types.h>
| #endif
| #ifdef HAVE_SYS_STAT_H
| # include <sys/stat.h>
| #endif
| #ifdef STDC_HEADERS
| # include <stdlib.h>
| # include <stddef.h>
| #else
| # ifdef HAVE_STDLIB_H
| #  include <stdlib.h>
| # endif
| #endif
| #ifdef HAVE_STRING_H
| # if !defined STDC_HEADERS && defined HAVE_MEMORY_H
| #  include <memory.h>
| # endif
| # include <string.h>
| #endif
| #ifdef HAVE_STRINGS_H
| # include <strings.h>
| #endif
| #ifdef HAVE_INTTYPES_H
| # include <inttypes.h>
| #endif
| #ifdef HAVE_STDINT_H
| # include <stdint.h>
| #endif
| #ifdef HAVE_UNISTD_H
| # include <unistd.h>
| #endif
| int
| main ()
| {
| if (sizeof ((ssize_t)))
| 	    return 0;
|   ;
|   return 0;
| }
configure:3956: result: yes
configure:3967: checking whether time.h and sys/time.h may both be included
configure:3987: gcc -c -g -O2  conftest.c >&5
configure:3987: $? = 0
configure:3994: result: yes
configure:4017: checking for struct in_addr
configure:4033: gcc -c -g -O2  conftest.c >&5
configure:4033: $? = 0
configure:4040: result: yes
configure:4051: checking for socklen_t
configure:4069: gcc -c -g -O2  conftest.c >&5
configure:4069: $? = 0
configure:4077: result: yes
configure:4087: checking for crypt
configure:4087: gcc -o conftest.exe -g -O2   conftest.c  >&5
/tmp/ccGTRUNg.o: In function `main':
/home/Daniel/ravenOpen/conftest.c:77: undefined reference to `_crypt'
collect2: ld returned 1 exit status
configure:4087: $? = 1
configure: failed program was:
| /* confdefs.h */
| #define PACKAGE_NAME "RavenMUD"
| #define PACKAGE_TARNAME "ravenmud"
| #define PACKAGE_VERSION "3.01"
| #define PACKAGE_STRING "RavenMUD 3.01"
| #define PACKAGE_BUGREPORT "admin@ravenmud.com"
| #define PACKAGE_URL ""
| #define CIRCLE_UNIX 1
| #define HAVE_SYS_WAIT_H 1
| #define STDC_HEADERS 1
| #define HAVE_SYS_TYPES_H 1
| #define HAVE_SYS_STAT_H 1
| #define HAVE_STDLIB_H 1
| #define HAVE_STRING_H 1
| #define HAVE_MEMORY_H 1
| #define HAVE_STRINGS_H 1
| #define HAVE_INTTYPES_H 1
| #define HAVE_STDINT_H 1
| #define HAVE_UNISTD_H 1
| #define HAVE_FCNTL_H 1
| #define HAVE_SYS_FCNTL_H 1
| #define HAVE_ERRNO_H 1
| #define HAVE_LIMITS_H 1
| #define HAVE_SYS_TIME_H 1
| #define HAVE_SYS_SELECT_H 1
| #define HAVE_CRYPT_H 1
| #define HAVE_ASSERT_H 1
| #define HAVE_ARPA_TELNET_H 1
| #define HAVE_ARPA_INET_H 1
| #define HAVE_SYS_IOCTL_H 1
| #define HAVE_SYS_SOCKET_H 1
| #define HAVE_SYS_RESOURCE_H 1
| #define HAVE_NETINET_IN_H 1
| #define HAVE_NETDB_H 1
| #define HAVE_SIGNAL_H 1
| #define HAVE_SYS_UIO_H 1
| #define HAVE_MATH_H 1
| #define HAVE__BOOL 1
| #define HAVE_STDBOOL_H 1
| #define TIME_WITH_SYS_TIME 1
| #define HAVE_STRUCT_IN_ADDR 1
| /* end confdefs.h.  */
| /* Define crypt to an innocuous variant, in case <limits.h> declares crypt.
|    For example, HP-UX 11i <limits.h> declares gettimeofday.  */
| #define crypt innocuous_crypt
| 
| /* System header to define __stub macros and hopefully few prototypes,
|     which can conflict with char crypt (); below.
|     Prefer <limits.h> to <assert.h> if __STDC__ is defined, since
|     <limits.h> exists even on freestanding compilers.  */
| 
| #ifdef __STDC__
| # include <limits.h>
| #else
| # include <assert.h>
| #endif
| 
| #undef crypt
| 
| /* Override any GCC internal prototype to avoid an error.
|    Use char because int might match the return type of a GCC
|    builtin and then its argument prototype would still apply.  */
| #ifdef __cplusplus
| extern "C"
| #endif
| char crypt ();
| /* The GNU C library defines this for functions which it implements
|     to always fail with ENOSYS.  Some functions are actually named
|     something starting with __ and the normal name is an alias.  */
| #if defined __stub_crypt || defined __stub___crypt
| choke me
| #endif
| 
| int
| main ()
| {
| return crypt ();
|   ;
|   return 0;
| }
configure:4087: result: no
configure:4093: checking for crypt in -lcrypt
configure:4118: gcc -o conftest.exe -g -O2   conftest.c -lcrypt   >&5
configure:4118: $? = 0
configure:4127: result: yes
configure:4143: checking for library containing gethostbyname
configure:4174: gcc -o conftest.exe -g -O2   conftest.c  >&5
configure:4174: $? = 0
configure:4191: result: none required
configure:4199: checking for library containing socket
configure:4230: gcc -o conftest.exe -g -O2   conftest.c  >&5
configure:4230: $? = 0
configure:4247: result: none required
configure:4300: checking vfork.h usability
configure:4300: gcc -c -g -O2  conftest.c >&5
conftest.c:77:19: vfork.h: No such file or directory
configure:4300: $? = 1
configure: failed program was:
| /* confdefs.h */
| #define PACKAGE_NAME "RavenMUD"
| #define PACKAGE_TARNAME "ravenmud"
| #define PACKAGE_VERSION "3.01"
| #define PACKAGE_STRING "RavenMUD 3.01"
| #define PACKAGE_BUGREPORT "admin@ravenmud.com"
| #define PACKAGE_URL ""
| #define CIRCLE_UNIX 1
| #define HAVE_SYS_WAIT_H 1
| #define STDC_HEADERS 1
| #define HAVE_SYS_TYPES_H 1
| #define HAVE_SYS_STAT_H 1
| #define HAVE_STDLIB_H 1
| #define HAVE_STRING_H 1
| #define HAVE_MEMORY_H 1
| #define HAVE_STRINGS_H 1
| #define HAVE_INTTYPES_H 1
| #define HAVE_STDINT_H 1
| #define HAVE_UNISTD_H 1
| #define HAVE_FCNTL_H 1
| #define HAVE_SYS_FCNTL_H 1
| #define HAVE_ERRNO_H 1
| #define HAVE_LIMITS_H 1
| #define HAVE_SYS_TIME_H 1
| #define HAVE_SYS_SELECT_H 1
| #define HAVE_CRYPT_H 1
| #define HAVE_ASSERT_H 1
| #define HAVE_ARPA_TELNET_H 1
| #define HAVE_ARPA_INET_H 1
| #define HAVE_SYS_IOCTL_H 1
| #define HAVE_SYS_SOCKET_H 1
| #define HAVE_SYS_RESOURCE_H 1
| #define HAVE_NETINET_IN_H 1
| #define HAVE_NETDB_H 1
| #define HAVE_SIGNAL_H 1
| #define HAVE_SYS_UIO_H 1
| #define HAVE_MATH_H 1
| #define HAVE__BOOL 1
| #define HAVE_STDBOOL_H 1
| #define TIME_WITH_SYS_TIME 1
| #define HAVE_STRUCT_IN_ADDR 1
| #define CIRCLE_CRYPT 1
| /* end confdefs.h.  */
| #include <stdio.h>
| #ifdef HAVE_SYS_TYPES_H
| # include <sys/types.h>
| #endif
| #ifdef HAVE_SYS_STAT_H
| # include <sys/stat.h>
| #endif
| #ifdef STDC_HEADERS
| # include <stdlib.h>
| # include <stddef.h>
| #else
| # ifdef HAVE_STDLIB_H
| #  include <stdlib.h>
| # endif
| #endif
| #ifdef HAVE_STRING_H
| # if !defined STDC_HEADERS && defined HAVE_MEMORY_H
| #  include <memory.h>
| # endif
| # include <string.h>
| #endif
| #ifdef HAVE_STRINGS_H
| # include <strings.h>
| #endif
| #ifdef HAVE_INTTYPES_H
| # include <inttypes.h>
| #endif
| #ifdef HAVE_STDINT_H
| # include <stdint.h>
| #endif
| #ifdef HAVE_UNISTD_H
| # include <unistd.h>
| #endif
| #include <vfork.h>
configure:4300: result: no
configure:4300: checking vfork.h presence
configure:4300: gcc -E  conftest.c
conftest.c:44:19: vfork.h: No such file or directory
configure:4300: $? = 1
configure: failed program was:
| /* confdefs.h */
| #define PACKAGE_NAME "RavenMUD"
| #define PACKAGE_TARNAME "ravenmud"
| #define PACKAGE_VERSION "3.01"
| #define PACKAGE_STRING "RavenMUD 3.01"
| #define PACKAGE_BUGREPORT "admin@ravenmud.com"
| #define PACKAGE_URL ""
| #define CIRCLE_UNIX 1
| #define HAVE_SYS_WAIT_H 1
| #define STDC_HEADERS 1
| #define HAVE_SYS_TYPES_H 1
| #define HAVE_SYS_STAT_H 1
| #define HAVE_STDLIB_H 1
| #define HAVE_STRING_H 1
| #define HAVE_MEMORY_H 1
| #define HAVE_STRINGS_H 1
| #define HAVE_INTTYPES_H 1
| #define HAVE_STDINT_H 1
| #define HAVE_UNISTD_H 1
| #define HAVE_FCNTL_H 1
| #define HAVE_SYS_FCNTL_H 1
| #define HAVE_ERRNO_H 1
| #define HAVE_LIMITS_H 1
| #define HAVE_SYS_TIME_H 1
| #define HAVE_SYS_SELECT_H 1
| #define HAVE_CRYPT_H 1
| #define HAVE_ASSERT_H 1
| #define HAVE_ARPA_TELNET_H 1
| #define HAVE_ARPA_INET_H 1
| #define HAVE_SYS_IOCTL_H 1
| #define HAVE_SYS_SOCKET_H 1
| #define HAVE_SYS_RESOURCE_H 1
| #define HAVE_NETINET_IN_H 1
| #define HAVE_NETDB_H 1
| #define HAVE_SIGNAL_H 1
| #define HAVE_SYS_UIO_H 1
| #define HAVE_MATH_H 1
| #define HAVE__BOOL 1
| #define HAVE_STDBOOL_H 1
| #define TIME_WITH_SYS_TIME 1
| #define HAVE_STRUCT_IN_ADDR 1
| #define CIRCLE_CRYPT 1
| /* end confdefs.h.  */
| #include <vfork.h>
configure:4300: result: no
configure:4300: checking for vfork.h
configure:4300: result: no
configure:4313: checking for fork
configure:4313: gcc -o conftest.exe -g -O2   conftest.c  >&5
configure:4313: $? = 0
configure:4313: result: yes
configure:4313: checking for vfork
configure:4313: gcc -o conftest.exe -g -O2   conftest.c  >&5
configure:4313: $? = 0
configure:4313: result: yes
configure:4323: checking for working fork
configure:4345: gcc -o conftest.exe -g -O2   conftest.c  >&5
configure:4345: $? = 0
configure:4345: ./conftest.exe
configure:4345: $? = 0
configure:4355: result: yes
configure:4376: checking for working vfork
configure:4486: result: yes
configure:4513: checking for stdlib.h
configure:4513: result: yes
configure:4523: checking for GNU libc compatible malloc
configure:4547: gcc -o conftest.exe -g -O2   conftest.c  >&5
configure:4547: $? = 0
configure:4547: ./conftest.exe
configure:4547: $? = 0
configure:4557: result: yes
configure:4580: checking for stdlib.h
configure:4580: result: yes
configure:4590: checking for GNU libc compatible realloc
configure:4614: gcc -o conftest.exe -g -O2   conftest.c  >&5
configure:4614: $? = 0
configure:4614: ./conftest.exe
configure:4614: $? = 0
configure:4624: result: yes
configure:4649: checking for gettimeofday
configure:4649: gcc -o conftest.exe -g -O2   conftest.c  >&5
configure:4649: $? = 0
configure:4649: result: yes
configure:4649: checking for snprintf
configure:4649: gcc -o conftest.exe -g -O2   conftest.c  >&5
conftest.c:76: warning: conflicting types for built-in function 'snprintf'
configure:4649: $? = 0
configure:4649: result: yes
configure:4649: checking for strcasecmp
configure:4649: gcc -o conftest.exe -g -O2   conftest.c  >&5
configure:4649: $? = 0
configure:4649: result: yes
configure:4661: checking for strdup
configure:4661: gcc -o conftest.exe -g -O2   conftest.c  >&5
conftest.c:78: warning: conflicting types for built-in function 'strdup'
configure:4661: $? = 0
configure:4661: result: yes
configure:4661: checking for stricmp
configure:4661: gcc -o conftest.exe -g -O2   conftest.c  >&5
/tmp/cc2Zjh46.o: In function `main':
/home/Daniel/ravenOpen/conftest.c:90: undefined reference to `_stricmp'
collect2: ld returned 1 exit status
configure:4661: $? = 1
configure: failed program was:
| /* confdefs.h */
| #define PACKAGE_NAME "RavenMUD"
| #define PACKAGE_TARNAME "ravenmud"
| #define PACKAGE_VERSION "3.01"
| #define PACKAGE_STRING "RavenMUD 3.01"
| #define PACKAGE_BUGREPORT "admin@ravenmud.com"
| #define PACKAGE_URL ""
| #define CIRCLE_UNIX 1
| #define HAVE_SYS_WAIT_H 1
| #define STDC_HEADERS 1
| #define HAVE_SYS_TYPES_H 1
| #define HAVE_SYS_STAT_H 1
| #define HAVE_STDLIB_H 1
| #define HAVE_STRING_H 1
| #define HAVE_MEMORY_H 1
| #define HAVE_STRINGS_H 1
| #define HAVE_INTTYPES_H 1
| #define HAVE_STDINT_H 1
| #define HAVE_UNISTD_H 1
| #define HAVE_FCNTL_H 1
| #define HAVE_SYS_FCNTL_H 1
| #define HAVE_ERRNO_H 1
| #define HAVE_LIMITS_H 1
| #define HAVE_SYS_TIME_H 1
| #define HAVE_SYS_SELECT_H 1
| #define HAVE_CRYPT_H 1
| #define HAVE_ASSERT_H 1
| #define HAVE_ARPA_TELNET_H 1
| #define HAVE_ARPA_INET_H 1
| #define HAVE_SYS_IOCTL_H 1
| #define HAVE_SYS_SOCKET_H 1
| #define HAVE_SYS_RESOURCE_H 1
| #define HAVE_NETINET_IN_H 1
| #define HAVE_NETDB_H 1
| #define HAVE_SIGNAL_H 1
| #define HAVE_SYS_UIO_H 1
| #define HAVE_MATH_H 1
| #define HAVE__BOOL 1
| #define HAVE_STDBOOL_H 1
| #define TIME_WITH_SYS_TIME 1
| #define HAVE_STRUCT_IN_ADDR 1
| #define CIRCLE_CRYPT 1
| #define HAVE_FORK 1
| #define HAVE_VFORK 1
| #define HAVE_WORKING_VFORK 1
| #define HAVE_WORKING_FORK 1
| #define HAVE_STDLIB_H 1
| #define HAVE_MALLOC 1
| #define HAVE_STDLIB_H 1
| #define HAVE_REALLOC 1
| #define HAVE_GETTIMEOFDAY 1
| #define HAVE_SNPRINTF 1
| #define HAVE_STRCASECMP 1
| #define HAVE_STRDUP 1
| /* end confdefs.h.  */
| /* Define stricmp to an innocuous variant, in case <limits.h> declares stricmp.
|    For example, HP-UX 11i <limits.h> declares gettimeofday.  */
| #define stricmp innocuous_stricmp
| 
| /* System header to define __stub macros and hopefully few prototypes,
|     which can conflict with char stricmp (); below.
|     Prefer <limits.h> to <assert.h> if __STDC__ is defined, since
|     <limits.h> exists even on freestanding compilers.  */
| 
| #ifdef __STDC__
| # include <limits.h>
| #else
| # include <assert.h>
| #endif
| 
| #undef stricmp
| 
| /* Override any GCC internal prototype to avoid an error.
|    Use char because int might match the return type of a GCC
|    builtin and then its argument prototype would still apply.  */
| #ifdef __cplusplus
| extern "C"
| #endif
| char stricmp ();
| /* The GNU C library defines this for functions which it implements
|     to always fail with ENOSYS.  Some functions are actually named
|     something starting with __ and the normal name is an alias.  */
| #if defined __stub_stricmp || defined __stub___stricmp
| choke me
| #endif
| 
| int
| main ()
| {
| return stricmp ();
|   ;
|   return 0;
| }
configure:4661: result: no
configure:4661: checking for strlcpy
configure:4661: gcc -o conftest.exe -g -O2   conftest.c  >&5
configure:4661: $? = 0
configure:4661: result: yes
configure:4661: checking for strncasecmp
configure:4661: gcc -o conftest.exe -g -O2   conftest.c  >&5
configure:4661: $? = 0
configure:4661: result: yes
configure:4661: checking for strnicmp
configure:4661: gcc -o conftest.exe -g -O2   conftest.c  >&5
/tmp/cccdEPad.o: In function `main':
/home/Daniel/ravenOpen/conftest.c:92: undefined reference to `_strnicmp'
collect2: ld returned 1 exit status
configure:4661: $? = 1
configure: failed program was:
| /* confdefs.h */
| #define PACKAGE_NAME "RavenMUD"
| #define PACKAGE_TARNAME "ravenmud"
| #define PACKAGE_VERSION "3.01"
| #define PACKAGE_STRING "RavenMUD 3.01"
| #define PACKAGE_BUGREPORT "admin@ravenmud.com"
| #define PACKAGE_URL ""
| #define CIRCLE_UNIX 1
| #define HAVE_SYS_WAIT_H 1
| #define STDC_HEADERS 1
| #define HAVE_SYS_TYPES_H 1
| #define HAVE_SYS_STAT_H 1
| #define HAVE_STDLIB_H 1
| #define HAVE_STRING_H 1
| #define HAVE_MEMORY_H 1
| #define HAVE_STRINGS_H 1
| #define HAVE_INTTYPES_H 1
| #define HAVE_STDINT_H 1
| #define HAVE_UNISTD_H 1
| #define HAVE_FCNTL_H 1
| #define HAVE_SYS_FCNTL_H 1
| #define HAVE_ERRNO_H 1
| #define HAVE_LIMITS_H 1
| #define HAVE_SYS_TIME_H 1
| #define HAVE_SYS_SELECT_H 1
| #define HAVE_CRYPT_H 1
| #define HAVE_ASSERT_H 1
| #define HAVE_ARPA_TELNET_H 1
| #define HAVE_ARPA_INET_H 1
| #define HAVE_SYS_IOCTL_H 1
| #define HAVE_SYS_SOCKET_H 1
| #define HAVE_SYS_RESOURCE_H 1
| #define HAVE_NETINET_IN_H 1
| #define HAVE_NETDB_H 1
| #define HAVE_SIGNAL_H 1
| #define HAVE_SYS_UIO_H 1
| #define HAVE_MATH_H 1
| #define HAVE__BOOL 1
| #define HAVE_STDBOOL_H 1
| #define TIME_WITH_SYS_TIME 1
| #define HAVE_STRUCT_IN_ADDR 1
| #define CIRCLE_CRYPT 1
| #define HAVE_FORK 1
| #define HAVE_VFORK 1
| #define HAVE_WORKING_VFORK 1
| #define HAVE_WORKING_FORK 1
| #define HAVE_STDLIB_H 1
| #define HAVE_MALLOC 1
| #define HAVE_STDLIB_H 1
| #define HAVE_REALLOC 1
| #define HAVE_GETTIMEOFDAY 1
| #define HAVE_SNPRINTF 1
| #define HAVE_STRCASECMP 1
| #define HAVE_STRDUP 1
| #define HAVE_STRLCPY 1
| #define HAVE_STRNCASECMP 1
| /* end confdefs.h.  */
| /* Define strnicmp to an innocuous variant, in case <limits.h> declares strnicmp.
|    For example, HP-UX 11i <limits.h> declares gettimeofday.  */
| #define strnicmp innocuous_strnicmp
| 
| /* System header to define __stub macros and hopefully few prototypes,
|     which can conflict with char strnicmp (); below.
|     Prefer <limits.h> to <assert.h> if __STDC__ is defined, since
|     <limits.h> exists even on freestanding compilers.  */
| 
| #ifdef __STDC__
| # include <limits.h>
| #else
| # include <assert.h>
| #endif
| 
| #undef strnicmp
| 
| /* Override any GCC internal prototype to avoid an error.
|    Use char because int might match the return type of a GCC
|    builtin and then its argument prototype would still apply.  */
| #ifdef __cplusplus
| extern "C"
| #endif
| char strnicmp ();
| /* The GNU C library defines this for functions which it implements
|     to always fail with ENOSYS.  Some functions are actually named
|     something starting with __ and the normal name is an alias.  */
| #if defined __stub_strnicmp || defined __stub___strnicmp
| choke me
| #endif
| 
| int
| main ()
| {
| return strnicmp ();
|   ;
|   return 0;
| }
configure:4661: result: no
configure:4661: checking for strstr
configure:4661: gcc -o conftest.exe -g -O2   conftest.c  >&5
conftest.c:81: warning: conflicting types for built-in function 'strstr'
configure:4661: $? = 0
configure:4661: result: yes
configure:4661: checking for vsnprintf
configure:4661: gcc -o conftest.exe -g -O2   conftest.c  >&5
conftest.c:82: warning: conflicting types for built-in function 'vsnprintf'
configure:4661: $? = 0
configure:4661: result: yes
configure:4673: checking for inet_addr
configure:4673: gcc -o conftest.exe -g -O2   conftest.c  >&5
configure:4673: $? = 0
configure:4673: result: yes
configure:4673: checking for inet_aton
configure:4673: gcc -o conftest.exe -g -O2   conftest.c  >&5
configure:4673: $? = 0
configure:4673: result: yes
configure:4684: checking whether crypt needs over 10 characters
configure:4724: gcc -o conftest.exe -g -O2   conftest.c -lcrypt  >&5
configure:4724: $? = 0
configure:4724: ./conftest.exe
configure:4724: $? = 1
configure: program exited with status 1
configure: failed program was:
| /* confdefs.h */
| #define PACKAGE_NAME "RavenMUD"
| #define PACKAGE_TARNAME "ravenmud"
| #define PACKAGE_VERSION "3.01"
| #define PACKAGE_STRING "RavenMUD 3.01"
| #define PACKAGE_BUGREPORT "admin@ravenmud.com"
| #define PACKAGE_URL ""
| #define CIRCLE_UNIX 1
| #define HAVE_SYS_WAIT_H 1
| #define STDC_HEADERS 1
| #define HAVE_SYS_TYPES_H 1
| #define HAVE_SYS_STAT_H 1
| #define HAVE_STDLIB_H 1
| #define HAVE_STRING_H 1
| #define HAVE_MEMORY_H 1
| #define HAVE_STRINGS_H 1
| #define HAVE_INTTYPES_H 1
| #define HAVE_STDINT_H 1
| #define HAVE_UNISTD_H 1
| #define HAVE_FCNTL_H 1
| #define HAVE_SYS_FCNTL_H 1
| #define HAVE_ERRNO_H 1
| #define HAVE_LIMITS_H 1
| #define HAVE_SYS_TIME_H 1
| #define HAVE_SYS_SELECT_H 1
| #define HAVE_CRYPT_H 1
| #define HAVE_ASSERT_H 1
| #define HAVE_ARPA_TELNET_H 1
| #define HAVE_ARPA_INET_H 1
| #define HAVE_SYS_IOCTL_H 1
| #define HAVE_SYS_SOCKET_H 1
| #define HAVE_SYS_RESOURCE_H 1
| #define HAVE_NETINET_IN_H 1
| #define HAVE_NETDB_H 1
| #define HAVE_SIGNAL_H 1
| #define HAVE_SYS_UIO_H 1
| #define HAVE_MATH_H 1
| #define HAVE__BOOL 1
| #define HAVE_STDBOOL_H 1
| #define TIME_WITH_SYS_TIME 1
| #define HAVE_STRUCT_IN_ADDR 1
| #define CIRCLE_CRYPT 1
| #define HAVE_FORK 1
| #define HAVE_VFORK 1
| #define HAVE_WORKING_VFORK 1
| #define HAVE_WORKING_FORK 1
| #define HAVE_STDLIB_H 1
| #define HAVE_MALLOC 1
| #define HAVE_STDLIB_H 1
| #define HAVE_REALLOC 1
| #define HAVE_GETTIMEOFDAY 1
| #define HAVE_SNPRINTF 1
| #define HAVE_STRCASECMP 1
| #define HAVE_STRDUP 1
| #define HAVE_STRLCPY 1
| #define HAVE_STRNCASECMP 1
| #define HAVE_STRSTR 1
| #define HAVE_VSNPRINTF 1
| #define HAVE_INET_ADDR 1
| #define HAVE_INET_ATON 1
| /* end confdefs.h.  */
| 
| #define _XOPEN_SOURCE
| #include <stdlib.h>
| #include <string.h>
| #include <unistd.h>
| #include <crypt.h>
| 
| int main(void)
| {
|   char pwd[11], pwd2[11];
| 
|   strncpy(pwd, (char *)crypt("FooBar", "BazQux"), 10);
|   pwd[10] = '\0';
|   strncpy(pwd2, (char *)crypt("xyzzy", "BazQux"), 10);
|   pwd2[10] = '\0';
|   if (strcmp(pwd, pwd2) == 0)
|     exit(0);
|   exit(1);
| }
| 
| 
configure:4734: result: no
configure:4747: checking for compiler autodepency generation
configure:4778: result: yes
configure:4782: checking for shared library support
configure:4860: result: no
configure:4863: checking for runtime profiling
configure:4884: result: no
configure:4894: checking whether gcc -Wall also needs -Wno-char-subscripts
configure:4917: gcc -c -g -O2 -Wall -Werror -M conftest.c >&5
conftest.o: conftest.c /usr/include/ctype.h /usr/include/_ansi.h \
  /usr/include/newlib.h /usr/include/sys/config.h \
  /usr/include/machine/ieeefp.h /usr/include/sys/features.h \
  /usr/include/cygwin/config.h
configure:4917: $? = 0
configure: failed program was:
| /* confdefs.h */
| #define PACKAGE_NAME "RavenMUD"
| #define PACKAGE_TARNAME "ravenmud"
| #define PACKAGE_VERSION "3.01"
| #define PACKAGE_STRING "RavenMUD 3.01"
| #define PACKAGE_BUGREPORT "admin@ravenmud.com"
| #define PACKAGE_URL ""
| #define CIRCLE_UNIX 1
| #define HAVE_SYS_WAIT_H 1
| #define STDC_HEADERS 1
| #define HAVE_SYS_TYPES_H 1
| #define HAVE_SYS_STAT_H 1
| #define HAVE_STDLIB_H 1
| #define HAVE_STRING_H 1
| #define HAVE_MEMORY_H 1
| #define HAVE_STRINGS_H 1
| #define HAVE_INTTYPES_H 1
| #define HAVE_STDINT_H 1
| #define HAVE_UNISTD_H 1
| #define HAVE_FCNTL_H 1
| #define HAVE_SYS_FCNTL_H 1
| #define HAVE_ERRNO_H 1
| #define HAVE_LIMITS_H 1
| #define HAVE_SYS_TIME_H 1
| #define HAVE_SYS_SELECT_H 1
| #define HAVE_CRYPT_H 1
| #define HAVE_ASSERT_H 1
| #define HAVE_ARPA_TELNET_H 1
| #define HAVE_ARPA_INET_H 1
| #define HAVE_SYS_IOCTL_H 1
| #define HAVE_SYS_SOCKET_H 1
| #define HAVE_SYS_RESOURCE_H 1
| #define HAVE_NETINET_IN_H 1
| #define HAVE_NETDB_H 1
| #define HAVE_SIGNAL_H 1
| #define HAVE_SYS_UIO_H 1
| #define HAVE_MATH_H 1
| #define HAVE__BOOL 1
| #define HAVE_STDBOOL_H 1
| #define TIME_WITH_SYS_TIME 1
| #define HAVE_STRUCT_IN_ADDR 1
| #define CIRCLE_CRYPT 1
| #define HAVE_FORK 1
| #define HAVE_VFORK 1
| #define HAVE_WORKING_VFORK 1
| #define HAVE_WORKING_FORK 1
| #define HAVE_STDLIB_H 1
| #define HAVE_MALLOC 1
| #define HAVE_STDLIB_H 1
| #define HAVE_REALLOC 1
| #define HAVE_GETTIMEOFDAY 1
| #define HAVE_SNPRINTF 1
| #define HAVE_STRCASECMP 1
| #define HAVE_STRDUP 1
| #define HAVE_STRLCPY 1
| #define HAVE_STRNCASECMP 1
| #define HAVE_STRSTR 1
| #define HAVE_VSNPRINTF 1
| #define HAVE_INET_ADDR 1
| #define HAVE_INET_ATON 1
| /* end confdefs.h.  */
| #include <ctype.h>
| int
| main ()
| {
|  int i; char c = '0';
|          i = isascii(c);
|          i = isdigit(c);
|          i = isprint(c);
| 
|   ;
|   return 0;
| }
configure:4926: result: yes
configure:4930: checking whether gcc accepts -Wno-char-subscripts
configure:4949: gcc -c -g -O2 -Wno-char-subscripts -M conftest.c >&5
conftest.o: conftest.c
configure:4949: $? = 0
configure: failed program was:
| /* confdefs.h */
| #define PACKAGE_NAME "RavenMUD"
| #define PACKAGE_TARNAME "ravenmud"
| #define PACKAGE_VERSION "3.01"
| #define PACKAGE_STRING "RavenMUD 3.01"
| #define PACKAGE_BUGREPORT "admin@ravenmud.com"
| #define PACKAGE_URL ""
| #define CIRCLE_UNIX 1
| #define HAVE_SYS_WAIT_H 1
| #define STDC_HEADERS 1
| #define HAVE_SYS_TYPES_H 1
| #define HAVE_SYS_STAT_H 1
| #define HAVE_STDLIB_H 1
| #define HAVE_STRING_H 1
| #define HAVE_MEMORY_H 1
| #define HAVE_STRINGS_H 1
| #define HAVE_INTTYPES_H 1
| #define HAVE_STDINT_H 1
| #define HAVE_UNISTD_H 1
| #define HAVE_FCNTL_H 1
| #define HAVE_SYS_FCNTL_H 1
| #define HAVE_ERRNO_H 1
| #define HAVE_LIMITS_H 1
| #define HAVE_SYS_TIME_H 1
| #define HAVE_SYS_SELECT_H 1
| #define HAVE_CRYPT_H 1
| #define HAVE_ASSERT_H 1
| #define HAVE_ARPA_TELNET_H 1
| #define HAVE_ARPA_INET_H 1
| #define HAVE_SYS_IOCTL_H 1
| #define HAVE_SYS_SOCKET_H 1
| #define HAVE_SYS_RESOURCE_H 1
| #define HAVE_NETINET_IN_H 1
| #define HAVE_NETDB_H 1
| #define HAVE_SIGNAL_H 1
| #define HAVE_SYS_UIO_H 1
| #define HAVE_MATH_H 1
| #define HAVE__BOOL 1
| #define HAVE_STDBOOL_H 1
| #define TIME_WITH_SYS_TIME 1
| #define HAVE_STRUCT_IN_ADDR 1
| #define CIRCLE_CRYPT 1
| #define HAVE_FORK 1
| #define HAVE_VFORK 1
| #define HAVE_WORKING_VFORK 1
| #define HAVE_WORKING_FORK 1
| #define HAVE_STDLIB_H 1
| #define HAVE_MALLOC 1
| #define HAVE_STDLIB_H 1
| #define HAVE_REALLOC 1
| #define HAVE_GETTIMEOFDAY 1
| #define HAVE_SNPRINTF 1
| #define HAVE_STRCASECMP 1
| #define HAVE_STRDUP 1
| #define HAVE_STRLCPY 1
| #define HAVE_STRNCASECMP 1
| #define HAVE_STRSTR 1
| #define HAVE_VSNPRINTF 1
| #define HAVE_INET_ADDR 1
| #define HAVE_INET_ATON 1
| /* end confdefs.h.  */
| 
| int
| main ()
| {
| 
|   ;
|   return 0;
| }
configure:4958: result: no
configure:4962: checking whether gcc accepts -fno-builtin
configure:4981: gcc -c -g -O2 -fno-builtin -M conftest.c >&5
conftest.o: conftest.c
configure:4981: $? = 0
configure: failed program was:
| /* confdefs.h */
| #define PACKAGE_NAME "RavenMUD"
| #define PACKAGE_TARNAME "ravenmud"
| #define PACKAGE_VERSION "3.01"
| #define PACKAGE_STRING "RavenMUD 3.01"
| #define PACKAGE_BUGREPORT "admin@ravenmud.com"
| #define PACKAGE_URL ""
| #define CIRCLE_UNIX 1
| #define HAVE_SYS_WAIT_H 1
| #define STDC_HEADERS 1
| #define HAVE_SYS_TYPES_H 1
| #define HAVE_SYS_STAT_H 1
| #define HAVE_STDLIB_H 1
| #define HAVE_STRING_H 1
| #define HAVE_MEMORY_H 1
| #define HAVE_STRINGS_H 1
| #define HAVE_INTTYPES_H 1
| #define HAVE_STDINT_H 1
| #define HAVE_UNISTD_H 1
| #define HAVE_FCNTL_H 1
| #define HAVE_SYS_FCNTL_H 1
| #define HAVE_ERRNO_H 1
| #define HAVE_LIMITS_H 1
| #define HAVE_SYS_TIME_H 1
| #define HAVE_SYS_SELECT_H 1
| #define HAVE_CRYPT_H 1
| #define HAVE_ASSERT_H 1
| #define HAVE_ARPA_TELNET_H 1
| #define HAVE_ARPA_INET_H 1
| #define HAVE_SYS_IOCTL_H 1
| #define HAVE_SYS_SOCKET_H 1
| #define HAVE_SYS_RESOURCE_H 1
| #define HAVE_NETINET_IN_H 1
| #define HAVE_NETDB_H 1
| #define HAVE_SIGNAL_H 1
| #define HAVE_SYS_UIO_H 1
| #define HAVE_MATH_H 1
| #define HAVE__BOOL 1
| #define HAVE_STDBOOL_H 1
| #define TIME_WITH_SYS_TIME 1
| #define HAVE_STRUCT_IN_ADDR 1
| #define CIRCLE_CRYPT 1
| #define HAVE_FORK 1
| #define HAVE_VFORK 1
| #define HAVE_WORKING_VFORK 1
| #define HAVE_WORKING_FORK 1
| #define HAVE_STDLIB_H 1
| #define HAVE_MALLOC 1
| #define HAVE_STDLIB_H 1
| #define HAVE_REALLOC 1
| #define HAVE_GETTIMEOFDAY 1
| #define HAVE_SNPRINTF 1
| #define HAVE_STRCASECMP 1
| #define HAVE_STRDUP 1
| #define HAVE_STRLCPY 1
| #define HAVE_STRNCASECMP 1
| #define HAVE_STRSTR 1
| #define HAVE_VSNPRINTF 1
| #define HAVE_INET_ADDR 1
| #define HAVE_INET_ATON 1
| /* end confdefs.h.  */
| 
| int
| main ()
| {
| 
|   ;
|   return 0;
| }
configure:4990: result: no
configure:5020: checking if strlcpy is prototyped
configure:5050: gcc -c -g -O2 -M conftest.c >&5
conftest.c:66:58: /home/Daniel/RavenMUD/src/lib/general/sysdep.h: No such file or directory
configure:5050: $? = 1
configure: failed program was:
| /* confdefs.h */
| #define PACKAGE_NAME "RavenMUD"
| #define PACKAGE_TARNAME "ravenmud"
| #define PACKAGE_VERSION "3.01"
| #define PACKAGE_STRING "RavenMUD 3.01"
| #define PACKAGE_BUGREPORT "admin@ravenmud.com"
| #define PACKAGE_URL ""
| #define CIRCLE_UNIX 1
| #define HAVE_SYS_WAIT_H 1
| #define STDC_HEADERS 1
| #define HAVE_SYS_TYPES_H 1
| #define HAVE_SYS_STAT_H 1
| #define HAVE_STDLIB_H 1
| #define HAVE_STRING_H 1
| #define HAVE_MEMORY_H 1
| #define HAVE_STRINGS_H 1
| #define HAVE_INTTYPES_H 1
| #define HAVE_STDINT_H 1
| #define HAVE_UNISTD_H 1
| #define HAVE_FCNTL_H 1
| #define HAVE_SYS_FCNTL_H 1
| #define HAVE_ERRNO_H 1
| #define HAVE_LIMITS_H 1
| #define HAVE_SYS_TIME_H 1
| #define HAVE_SYS_SELECT_H 1
| #define HAVE_CRYPT_H 1
| #define HAVE_ASSERT_H 1
| #define HAVE_ARPA_TELNET_H 1
| #define HAVE_ARPA_INET_H 1
| #define HAVE_SYS_IOCTL_H 1
| #define HAVE_SYS_SOCKET_H 1
| #define HAVE_SYS_RESOURCE_H 1
| #define HAVE_NETINET_IN_H 1
| #define HAVE_NETDB_H 1
| #define HAVE_SIGNAL_H 1
| #define HAVE_SYS_UIO_H 1
| #define HAVE_MATH_H 1
| #define HAVE__BOOL 1
| #define HAVE_STDBOOL_H 1
| #define TIME_WITH_SYS_TIME 1
| #define HAVE_STRUCT_IN_ADDR 1
| #define CIRCLE_CRYPT 1
| #define HAVE_FORK 1
| #define HAVE_VFORK 1
| #define HAVE_WORKING_VFORK 1
| #define HAVE_WORKING_FORK 1
| #define HAVE_STDLIB_H 1
| #define HAVE_MALLOC 1
| #define HAVE_STDLIB_H 1
| #define HAVE_REALLOC 1
| #define HAVE_GETTIMEOFDAY 1
| #define HAVE_SNPRINTF 1
| #define HAVE_STRCASECMP 1
| #define HAVE_STRDUP 1
| #define HAVE_STRLCPY 1
| #define HAVE_STRNCASECMP 1
| #define HAVE_STRSTR 1
| #define HAVE_VSNPRINTF 1
| #define HAVE_INET_ADDR 1
| #define HAVE_INET_ATON 1
| /* end confdefs.h.  */
| 
| #define NO_LIBRARY_PROTOTYPES
| #define __COMM_C__
| #define __OTHER_C__
| #include "/home/Daniel/RavenMUD/src/lib/general/sysdep.h"
| #ifdef strlcpy
|   error - already defined!
| #endif
| void strlcpy(int a, char b, int c, char d, int e, char f, int g, char h);
| 
| int
| main ()
| {
| 
|   ;
|   return 0;
| }
configure:5064: result: yes
configure:5192: creating ./config.status

## ---------------- ##
## Cache variables. ##
## ---------------- ##

ac_cv_auto_dependencies=yes
ac_cv_build=i686-pc-cygwin
ac_cv_c_compiler_gnu=yes
ac_cv_c_const=yes
ac_cv_char_warn=yes
ac_cv_env_CC_set=
ac_cv_env_CC_value=
ac_cv_env_CFLAGS_set=
ac_cv_env_CFLAGS_value=
ac_cv_env_CPPFLAGS_set=
ac_cv_env_CPPFLAGS_value=
ac_cv_env_CPP_set=
ac_cv_env_CPP_value=
ac_cv_env_LDFLAGS_set=
ac_cv_env_LDFLAGS_value=
ac_cv_env_LIBS_set=
ac_cv_env_LIBS_value=
ac_cv_env_build_alias_set=
ac_cv_env_build_alias_value=
ac_cv_env_host_alias_set=
ac_cv_env_host_alias_value=
ac_cv_env_target_alias_set=
ac_cv_env_target_alias_value=
ac_cv_exeext=.exe
ac_cv_func_crypt=no
ac_cv_func_fork=yes
ac_cv_func_fork_works=yes
ac_cv_func_gettimeofday=yes
ac_cv_func_inet_addr=yes
ac_cv_func_inet_aton=yes
ac_cv_func_malloc_0_nonnull=yes
ac_cv_func_realloc_0_nonnull=yes
ac_cv_func_snprintf=yes
ac_cv_func_strcasecmp=yes
ac_cv_func_strdup=yes
ac_cv_func_stricmp=no
ac_cv_func_strlcpy=yes
ac_cv_func_strncasecmp=yes
ac_cv_func_strnicmp=no
ac_cv_func_strstr=yes
ac_cv_func_vfork=yes
ac_cv_func_vfork_works=yes
ac_cv_func_vsnprintf=yes
ac_cv_gcc_fnb=no
ac_cv_gcc_ncs=no
ac_cv_header_arpa_inet_h=yes
ac_cv_header_arpa_telnet_h=yes
ac_cv_header_assert_h=yes
ac_cv_header_crypt_h=yes
ac_cv_header_errno_h=yes
ac_cv_header_fcntl_h=yes
ac_cv_header_inttypes_h=yes
ac_cv_header_limits_h=yes
ac_cv_header_math_h=yes
ac_cv_header_mcheck_h=no
ac_cv_header_memory_h=yes
ac_cv_header_net_errno_h=no
ac_cv_header_netdb_h=yes
ac_cv_header_netinet_in_h=yes
ac_cv_header_signal_h=yes
ac_cv_header_stdbool_h=yes
ac_cv_header_stdc=yes
ac_cv_header_stdint_h=yes
ac_cv_header_stdlib_h=yes
ac_cv_header_string_h=yes
ac_cv_header_strings_h=yes
ac_cv_header_sys_fcntl_h=yes
ac_cv_header_sys_ioctl_h=yes
ac_cv_header_sys_resource_h=yes
ac_cv_header_sys_select_h=yes
ac_cv_header_sys_socket_h=yes
ac_cv_header_sys_stat_h=yes
ac_cv_header_sys_time_h=yes
ac_cv_header_sys_types_h=yes
ac_cv_header_sys_uio_h=yes
ac_cv_header_sys_wait_h=yes
ac_cv_header_time=yes
ac_cv_header_unistd_h=yes
ac_cv_header_vfork_h=no
ac_cv_host=i686-pc-cygwin
ac_cv_lib_crypt_crypt=yes
ac_cv_objext=o
ac_cv_path_EGREP='/usr/bin/grep -E'
ac_cv_path_GREP=/usr/bin/grep
ac_cv_path_install='/usr/bin/install -c'
ac_cv_prog_CPP='gcc -E'
ac_cv_prog_ac_ct_CC=gcc
ac_cv_prog_ac_ct_RANLIB=ranlib
ac_cv_prog_cc_c89=
ac_cv_prog_cc_g=yes
ac_cv_prototype_strlcpy=yes
ac_cv_search_gethostbyname='none required'
ac_cv_search_socket='none required'
ac_cv_struct_in_addr=yes
ac_cv_target=i686-pc-cygwin
ac_cv_type__Bool=yes
ac_cv_type_pid_t=yes
ac_cv_type_size_t=yes
ac_cv_type_socklen_t=yes
ac_cv_type_ssize_t=yes
ac_cv_unsafe_crypt=no

## ----------------- ##
## Output variables. ##
## ----------------- ##

CC='gcc'
CFLAGS='-g -O2'
CPP='gcc -E'
CPPFLAGS='-M'
CRYPTLIB='-lcrypt'
DEFS='-DHAVE_CONFIG_H'
ECHO_C=''
ECHO_N='-n'
ECHO_T=''
EGREP='/usr/bin/grep -E'
EXEEXT='.exe'
GREP='/usr/bin/grep'
INSTALL_DATA='${INSTALL} -m 644'
INSTALL_PROGRAM='${INSTALL}'
INSTALL_SCRIPT='${INSTALL}'
LDFLAGS=''
LIBOBJS=''
LIBS=''
LTLIBOBJS=''
MYFLAGS=''
OBJEXT='o'
PACKAGE_BUGREPORT='admin@ravenmud.com'
PACKAGE_NAME='RavenMUD'
PACKAGE_STRING='RavenMUD 3.01'
PACKAGE_TARNAME='ravenmud'
PACKAGE_URL=''
PACKAGE_VERSION='3.01'
PATH_SEPARATOR=':'
RANLIB='ranlib'
SHELL='/bin/sh'
ac_ct_CC='gcc'
acsite_os_def='_CYGWIN32'
bindir='${exec_prefix}/bin'
build='i686-pc-cygwin'
build_alias=''
build_cpu='i686'
build_os='cygwin'
build_vendor='pc'
datadir='${datarootdir}'
datarootdir='${prefix}/share'
dep_flags='-M'
docdir='${datarootdir}/doc/${PACKAGE_TARNAME}'
dvidir='${docdir}'
exec_prefix='${prefix}'
host='i686-pc-cygwin'
host_alias=''
host_cpu='i686'
host_os='cygwin'
host_vendor='pc'
htmldir='${docdir}'
includedir='${prefix}/include'
infodir='${datarootdir}/info'
libdir='${exec_prefix}/lib'
libexecdir='${exec_prefix}/libexec'
localedir='${datarootdir}/locale'
localstatedir='${prefix}/var'
mandir='${datarootdir}/man'
noautodeps=''
nosharedlibs='1'
oldincludedir='/usr/include'
pdfdir='${docdir}'
prefix='/usr/local'
program_transform_name='s,x,x,'
psdir='${docdir}'
rtprofiling=''
sbindir='${exec_prefix}/sbin'
sharedstatedir='${prefix}/com'
shexe_rpath_flags=''
shlib_compile_flags=''
shlib_link_flags=''
sysconfdir='${prefix}/etc'
target='i686-pc-cygwin'
target_alias=''
target_cpu='i686'
target_os='cygwin'
target_vendor='pc'

## ----------- ##
## confdefs.h. ##
## ----------- ##

/* confdefs.h */
#define PACKAGE_NAME "RavenMUD"
#define PACKAGE_TARNAME "ravenmud"
#define PACKAGE_VERSION "3.01"
#define PACKAGE_STRING "RavenMUD 3.01"
#define PACKAGE_BUGREPORT "admin@ravenmud.com"
#define PACKAGE_URL ""
#define CIRCLE_UNIX 1
#define HAVE_SYS_WAIT_H 1
#define STDC_HEADERS 1
#define HAVE_SYS_TYPES_H 1
#define HAVE_SYS_STAT_H 1
#define HAVE_STDLIB_H 1
#define HAVE_STRING_H 1
#define HAVE_MEMORY_H 1
#define HAVE_STRINGS_H 1
#define HAVE_INTTYPES_H 1
#define HAVE_STDINT_H 1
#define HAVE_UNISTD_H 1
#define HAVE_FCNTL_H 1
#define HAVE_SYS_FCNTL_H 1
#define HAVE_ERRNO_H 1
#define HAVE_LIMITS_H 1
#define HAVE_SYS_TIME_H 1
#define HAVE_SYS_SELECT_H 1
#define HAVE_CRYPT_H 1
#define HAVE_ASSERT_H 1
#define HAVE_ARPA_TELNET_H 1
#define HAVE_ARPA_INET_H 1
#define HAVE_SYS_IOCTL_H 1
#define HAVE_SYS_SOCKET_H 1
#define HAVE_SYS_RESOURCE_H 1
#define HAVE_NETINET_IN_H 1
#define HAVE_NETDB_H 1
#define HAVE_SIGNAL_H 1
#define HAVE_SYS_UIO_H 1
#define HAVE_MATH_H 1
#define HAVE__BOOL 1
#define HAVE_STDBOOL_H 1
#define TIME_WITH_SYS_TIME 1
#define HAVE_STRUCT_IN_ADDR 1
#define CIRCLE_CRYPT 1
#define HAVE_FORK 1
#define HAVE_VFORK 1
#define HAVE_WORKING_VFORK 1
#define HAVE_WORKING_FORK 1
#define HAVE_STDLIB_H 1
#define HAVE_MALLOC 1
#define HAVE_STDLIB_H 1
#define HAVE_REALLOC 1
#define HAVE_GETTIMEOFDAY 1
#define HAVE_SNPRINTF 1
#define HAVE_STRCASECMP 1
#define HAVE_STRDUP 1
#define HAVE_STRLCPY 1
#define HAVE_STRNCASECMP 1
#define HAVE_STRSTR 1
#define HAVE_VSNPRINTF 1
#define HAVE_INET_ADDR 1
#define HAVE_INET_ATON 1

configure: exit 0

## ---------------------- ##
## Running config.status. ##
## ---------------------- ##

This file was extended by RavenMUD config.status 3.01, which was
generated by GNU Autoconf 2.68.  Invocation command line was

  CONFIG_FILES    = Makerules
  CONFIG_HEADERS  = 
  CONFIG_LINKS    = 
  CONFIG_COMMANDS = 
  $ ./config.status 

on Fireball

config.status:892: creating Makerules

## ---------------------- ##
## Running config.status. ##
## ---------------------- ##

This file was extended by RavenMUD config.status 3.01, which was
generated by GNU Autoconf 2.68.  Invocation command line was

  CONFIG_FILES    = Makedefs
  CONFIG_HEADERS  = 
  CONFIG_LINKS    = 
  CONFIG_COMMANDS = 
  $ ./config.status 

on Fireball

config.status:892: creating Makedefs

## ---------------------- ##
## Running config.status. ##
## ---------------------- ##

This file was extended by RavenMUD config.status 3.01, which was
generated by GNU Autoconf 2.68.  Invocation command line was

  CONFIG_FILES    = /home/Daniel/ravenOpen/src/Makefile
  CONFIG_HEADERS  = 
  CONFIG_LINKS    = 
  CONFIG_COMMANDS = 
  $ ./config.status 

on Fireball

config.status:892: creating /home/Daniel/ravenOpen/src/Makefile

## ---------------------- ##
## Running config.status. ##
## ---------------------- ##

This file was extended by RavenMUD config.status 3.01, which was
generated by GNU Autoconf 2.68.  Invocation command line was

  CONFIG_FILES    = /home/Daniel/ravenOpen/src/lib/Makefile
  CONFIG_HEADERS  = 
  CONFIG_LINKS    = 
  CONFIG_COMMANDS = 
  $ ./config.status 

on Fireball

config.status:892: creating /home/Daniel/ravenOpen/src/lib/Makefile

## ---------------------- ##
## Running config.status. ##
## ---------------------- ##

This file was extended by RavenMUD config.status 3.01, which was
generated by GNU Autoconf 2.68.  Invocation command line was

  CONFIG_FILES    = /home/Daniel/ravenOpen/src/lib/general/Makefile
  CONFIG_HEADERS  = 
  CONFIG_LINKS    = 
  CONFIG_COMMANDS = 
  $ ./config.status 

on Fireball

config.status:892: creating /home/Daniel/ravenOpen/src/lib/general/Makefile

## ---------------------- ##
## Running config.status. ##
## ---------------------- ##

This file was extended by RavenMUD config.status 3.01, which was
generated by GNU Autoconf 2.68.  Invocation command line was

  CONFIG_FILES    = /home/Daniel/ravenOpen/src/lib/actions/Makefile
  CONFIG_HEADERS  = 
  CONFIG_LINKS    = 
  CONFIG_COMMANDS = 
  $ ./config.status 

on Fireball

config.status:892: creating /home/Daniel/ravenOpen/src/lib/actions/Makefile

## ---------------------- ##
## Running config.status. ##
## ---------------------- ##

This file was extended by RavenMUD config.status 3.01, which was
generated by GNU Autoconf 2.68.  Invocation command line was

  CONFIG_FILES    = /home/Daniel/ravenOpen/src/lib/magic/Makefile
  CONFIG_HEADERS  = 
  CONFIG_LINKS    = 
  CONFIG_COMMANDS = 
  $ ./config.status 

on Fireball

config.status:892: creating /home/Daniel/ravenOpen/src/lib/magic/Makefile

## ---------------------- ##
## Running config.status. ##
## ---------------------- ##

This file was extended by RavenMUD config.status 3.01, which was
generated by GNU Autoconf 2.68.  Invocation command line was

  CONFIG_FILES    = /home/Daniel/ravenOpen/src/lib/olc/Makefile
  CONFIG_HEADERS  = 
  CONFIG_LINKS    = 
  CONFIG_COMMANDS = 
  $ ./config.status 

on Fireball

config.status:892: creating /home/Daniel/ravenOpen/src/lib/olc/Makefile

## ---------------------- ##
## Running config.status. ##
## ---------------------- ##

This file was extended by RavenMUD config.status 3.01, which was
generated by GNU Autoconf 2.68.  Invocation command line was

  CONFIG_FILES    = /home/Daniel/ravenOpen/src/lib/specials/Makefile
  CONFIG_HEADERS  = 
  CONFIG_LINKS    = 
  CONFIG_COMMANDS = 
  $ ./config.status 

on Fireball

config.status:892: creating /home/Daniel/ravenOpen/src/lib/specials/Makefile

## ---------------------- ##
## Running config.status. ##
## ---------------------- ##

This file was extended by RavenMUD config.status 3.01, which was
generated by GNU Autoconf 2.68.  Invocation command line was

  CONFIG_FILES    = /home/Daniel/ravenOpen/src/lib/util/Makefile
  CONFIG_HEADERS  = 
  CONFIG_LINKS    = 
  CONFIG_COMMANDS = 
  $ ./config.status 

on Fireball

config.status:892: creating /home/Daniel/ravenOpen/src/lib/util/Makefile

## ---------------------- ##
## Running config.status. ##
## ---------------------- ##

This file was extended by RavenMUD config.status 3.01, which was
generated by GNU Autoconf 2.68.  Invocation command line was

  CONFIG_FILES    = /home/Daniel/ravenOpen/src/lib/scripts/Makefile
  CONFIG_HEADERS  = 
  CONFIG_LINKS    = 
  CONFIG_COMMANDS = 
  $ ./config.status 

on Fireball

config.status:892: creating /home/Daniel/ravenOpen/src/lib/scripts/Makefile

## ---------------------- ##
## Running config.status. ##
## ---------------------- ##

This file was extended by RavenMUD config.status 3.01, which was
generated by GNU Autoconf 2.68.  Invocation command line was

  CONFIG_FILES    = /home/Daniel/ravenOpen/src/bin/Makefile
  CONFIG_HEADERS  = 
  CONFIG_LINKS    = 
  CONFIG_COMMANDS = 
  $ ./config.status 

on Fireball

config.status:892: creating /home/Daniel/ravenOpen/src/bin/Makefile

## ---------------------- ##
## Running config.status. ##
## ---------------------- ##

This file was extended by RavenMUD config.status 3.01, which was
generated by GNU Autoconf 2.68.  Invocation command line was

  CONFIG_FILES    = /home/Daniel/ravenOpen/src/bin/binaries/Makefile
  CONFIG_HEADERS  = 
  CONFIG_LINKS    = 
  CONFIG_COMMANDS = 
  $ ./config.status 

on Fireball

config.status:892: creating /home/Daniel/ravenOpen/src/bin/binaries/Makefile
